
> seu-card@1.0.1 build
> cd custom-card-component/exemplo && npm ci && npm run build

npm warn EBADENGINE Unsupported engine {
npm warn EBADENGINE   package: '@vitejs/plugin-react@5.1.2',
npm warn EBADENGINE   required: { node: '^20.19.0 || >=22.12.0' },
npm warn EBADENGINE   current: { node: 'v18.20.8', npm: '10.8.2' }
npm warn EBADENGINE }
npm warn EBADENGINE Unsupported engine {
npm warn EBADENGINE   package: 'vite@7.3.0',
npm warn EBADENGINE   required: { node: '^20.19.0 || >=22.12.0' },
npm warn EBADENGINE   current: { node: 'v18.20.8', npm: '10.8.2' }
npm warn EBADENGINE }

added 67 packages, and audited 69 packages in 1s

9 packages are looking for funding
  run `npm fund` for details

found 0 vulnerabilities

> seu-card@1.0.0 build
> vite build --base ./

[33mYou are using Node.js 18.20.8. Vite requires Node.js version 20.19+ or 22.12+. Please upgrade your Node.js version.[39m
[36mvite v7.3.0 [32mbuilding client environment for production...[36m[39m
transforming...
[32m✓[39m 42 modules transformed.
rendering chunks...
computing gzip size...
[2mdist/[22m[32mindex.html                 [39m[1m[2m  0.40 kB[22m[1m[22m[2m │ gzip:  0.27 kB[22m
[2mdist/[22m[2massets/[22m[35mindex-DTUfyH2C.css  [39m[1m[2m  8.44 kB[22m[1m[22m[2m │ gzip:  2.21 kB[22m
[2mdist/[22m[2massets/[22m[36mindex-BmTzrHjI.js   [39m[1m[2m175.24 kB[22m[1m[22m[2m │ gzip: 55.89 kB[22m
[32m✓ built in 909ms[39m
