[08:59:39.032] [INFO] storybook v10.1.10
[08:59:39.824] [DEBUG] Getting package.json info for C:/Users/walli/Desktop/trabalho/custom-card-component/package.json...
[08:59:39.871] [WARN] Could not resolve addon "@storybook/addon-links", skipping. Is it installed?
[08:59:39.887] [ERROR] [38;2;241;97;97mSB_CORE-SERVER_0002 (CriticalPresetLoadError): Storybook failed to load the following preset: @storybook/react-vite/preset.

Please check whether your setup is correct, the Storybook dependencies (and their peer dependencies) are installed correctly and there are no package version clashes.

If you believe this is a bug, please open an issue on Github.

Error [ERR_MODULE_NOT_FOUND]: Cannot find package '@storybook/react-vite' imported from .\node_modules\storybook\dist\_node-chunks\chunk-BA3X633S.js
    at Object.getPackageJSONURL (node:internal/modules/package_json_reader:316:9)
    at packageResolve (node:internal/modules/esm/resolve:768:81)
    at moduleResolve (node:internal/modules/esm/resolve:858:18)
    at defaultResolve (node:internal/modules/esm/resolve:990:11)
    at nextResolve (node:internal/modules/esm/hooks:785:28)
    at AsyncLoaderHooksOnLoaderHookWorker.resolve (node:internal/modules/esm/hooks:269:30)
    at MessagePort.handleMessage (node:internal/modules/esm/worker:251:24)
    at [nodejs.internal.kHybridDispatch] (node:internal/event_target:845:20)
    at MessagePort.<anonymous> (node:internal/per_context/messageport:23:28)

More info: 
[39m
    at loadPreset (file:///C:/Users/walli/Desktop/trabalho/custom-card-component/node_modules/storybook/dist/_node-chunks/chunk-LLCTWVOB.js:10101:13)
    at async Promise.all (index 0)
    at async loadPresets (file:///C:/Users/walli/Desktop/trabalho/custom-card-component/node_modules/storybook/dist/_node-chunks/chunk-LLCTWVOB.js:10110:73)
    at async getPresets (file:///C:/Users/walli/Desktop/trabalho/custom-card-component/node_modules/storybook/dist/_node-chunks/chunk-LLCTWVOB.js:10141:23)
    at async buildDevStandalone (file:///C:/Users/walli/Desktop/trabalho/custom-card-component/node_modules/storybook/dist/core-server/index.js:7163:17)
    at async withTelemetry (file:///C:/Users/walli/Desktop/trabalho/custom-card-component/node_modules/storybook/dist/_node-chunks/chunk-PGCRO4IZ.js:209:12)
    at async dev (file:///C:/Users/walli/Desktop/trabalho/custom-card-component/node_modules/storybook/dist/bin/core.js:2734:3)
    at async _Command.<anonymous> (file:///C:/Users/walli/Desktop/trabalho/custom-card-component/node_modules/storybook/dist/bin/core.js:2801:92)
[08:59:39.890] [WARN] Broken build, fix the error above.
You may need to refresh the browser.
[08:59:39.893] [WARN] Could not resolve addon "@storybook/addon-links", skipping. Is it installed?